<?xml version="1.0"?>
<testsuite name="Chrome 55.0.2883 (Windows 10 0.0.0)" package="" timestamp="2017-01-24T14:00:04" id="0" hostname="OsetskayaA" tests="16" errors="0" failures="0" time="0.103">
  <properties>
    <property name="browser.fullName" value="Mozilla/5.0 (Windows NT 10.0; Win64; x64) AppleWebKit/537.36 (KHTML, like Gecko) Chrome/55.0.2883.87 Safari/537.36"/>
  </properties>
  <testcase name="test regular/PagenationElement component Are the &quot;PagenationElement&quot; rendering" time="0" classname="test regular/PagenationElement component"/>
  <testcase name="test regular/PagenationElement component It correctly displaying pagination info text" time="0.001" classname="test regular/PagenationElement component"/>
  <testcase name="test regular/PagenationElement component It correctly displaying page links" time="0" classname="test regular/PagenationElement component"/>
  <testcase name="test regular/PagenationElement component Test pageMove function" time="0.016" classname="test regular/PagenationElement component"/>
  <testcase name="test regular/ParentDarkCheckBox component Are the &quot;ParentDarkCheckBox&quot; rendering" time="0" classname="test regular/ParentDarkCheckBox component"/>
  <testcase name="test regular/ParentDarkCheckBox component It sets correct className to the main element" time="0.003" classname="test regular/ParentDarkCheckBox component"/>
  <testcase name="test regular/ParentDarkCheckBox component It correctly displaying rhe &quot;Close all&quot; button when &quot;short&quot; = true property" time="0.004" classname="test regular/ParentDarkCheckBox component"/>
  <testcase name="test regular/ParentDarkCheckBox component It correctly displaying checkbox when &quot;short&quot; != true property" time="0.009" classname="test regular/ParentDarkCheckBox component"/>
  <testcase name="test regular/ParentDarkCheckBox component It correctly displaying child components" time="0.031" classname="test regular/ParentDarkCheckBox component"/>
  <testcase name="test regular/Filter component Are the &quot;Filter&quot; rendering" time="0" classname="test regular/Filter component"/>
  <testcase name="test regular/Filter component It does not display the content when Values is empty" time="0.001" classname="test regular/Filter component"/>
  <testcase name="test regular/Filter component It correctly displaying the title when Values is not empty" time="0.001" classname="test regular/Filter component"/>
  <testcase name="test regular/Filter component Test dropdown button" time="0.013" classname="test regular/Filter component"/>
  <testcase name="test regular/Filter component Test dropdown elements" time="0.001" classname="test regular/Filter component"/>
  <testcase name="test regular/SvgComponent component Are the &quot;SvgComponent&quot; rendering" time="0.008" classname="test regular/SvgComponent component"/>
  <testcase name="test regular/SvgComponent component It sets correct className to the icon element" time="0.015" classname="test regular/SvgComponent component"/>
  <system-out>
    <![CDATA[Chrome 55.0.2883 (Windows 10 0.0.0) ERROR: 'Warning: Failed form propType: You provided a `checked` prop to a form field without an `onChange` handler. This will render a read-only field. If the field should be mutable use `defaultChecked`. Otherwise, set either `onChange` or `readOnly`. Check the render method of `ChildrenDarkCheckBox`.'

]]>
  </system-out>
  <system-err/>
</testsuite>